<<<<<<< HEAD
﻿  CInventory.cpp
c:\users\kang2\documents\137_textrpg\lecture2_gitpractice\lecture2_gitpractice\cinventory.cpp(45): warning C4018: '<': signed 또는 unsigned가 일치하지 않습니다.
  CEquip.cpp
c:\users\kang2\documents\137_textrpg\lecture2_gitpractice\lecture2_gitpractice\cequip.cpp(24): error C2065: 'mapEquip': 선언되지 않은 식별자입니다.
c:\users\kang2\documents\137_textrpg\lecture2_gitpractice\lecture2_gitpractice\cequip.cpp(24): error C2228: '.empty' 왼쪽에는 클래스/구조체/공용 구조체가 있어야 합니다.
  c:\users\kang2\documents\137_textrpg\lecture2_gitpractice\lecture2_gitpractice\cequip.cpp(24): note: 'unknown-type' 형식입니다.
c:\users\kang2\documents\137_textrpg\lecture2_gitpractice\lecture2_gitpractice\cequip.cpp(26): error C2065: 'iter': 선언되지 않은 식별자입니다.
c:\users\kang2\documents\137_textrpg\lecture2_gitpractice\lecture2_gitpractice\cequip.cpp(26): error C2227: '->second' 왼쪽은 클래스/구조체/공용 구조체/제네릭 형식을 가리켜야 합니다.
  c:\users\kang2\documents\137_textrpg\lecture2_gitpractice\lecture2_gitpractice\cequip.cpp(26): note: 'unknown-type' 형식입니다.
c:\users\kang2\documents\137_textrpg\lecture2_gitpractice\lecture2_gitpractice\cequip.cpp(26): error C2227: '->GetItem' 왼쪽은 클래스/구조체/공용 구조체/제네릭 형식을 가리켜야 합니다.
c:\users\kang2\documents\137_textrpg\lecture2_gitpractice\lecture2_gitpractice\cequip.cpp(26): error C2227: '->strName' 왼쪽은 클래스/구조체/공용 구조체/제네릭 형식을 가리켜야 합니다.
c:\users\kang2\documents\137_textrpg\lecture2_gitpractice\lecture2_gitpractice\cequip.cpp(27): error C2065: 'iter': 선언되지 않은 식별자입니다.
c:\users\kang2\documents\137_textrpg\lecture2_gitpractice\lecture2_gitpractice\cequip.cpp(27): error C2227: '->second' 왼쪽은 클래스/구조체/공용 구조체/제네릭 형식을 가리켜야 합니다.
  c:\users\kang2\documents\137_textrpg\lecture2_gitpractice\lecture2_gitpractice\cequip.cpp(27): note: 'unknown-type' 형식입니다.
c:\users\kang2\documents\137_textrpg\lecture2_gitpractice\lecture2_gitpractice\cequip.cpp(27): error C2227: '->GetItem' 왼쪽은 클래스/구조체/공용 구조체/제네릭 형식을 가리켜야 합니다.
c:\users\kang2\documents\137_textrpg\lecture2_gitpractice\lecture2_gitpractice\cequip.cpp(27): error C2227: '->strName' 왼쪽은 클래스/구조체/공용 구조체/제네릭 형식을 가리켜야 합니다.
c:\users\kang2\documents\137_textrpg\lecture2_gitpractice\lecture2_gitpractice\cequip.cpp(28): error C2065: 'iter': 선언되지 않은 식별자입니다.
c:\users\kang2\documents\137_textrpg\lecture2_gitpractice\lecture2_gitpractice\cequip.cpp(28): error C2227: '->second' 왼쪽은 클래스/구조체/공용 구조체/제네릭 형식을 가리켜야 합니다.
  c:\users\kang2\documents\137_textrpg\lecture2_gitpractice\lecture2_gitpractice\cequip.cpp(28): note: 'unknown-type' 형식입니다.
c:\users\kang2\documents\137_textrpg\lecture2_gitpractice\lecture2_gitpractice\cequip.cpp(28): error C2227: '->GetItem' 왼쪽은 클래스/구조체/공용 구조체/제네릭 형식을 가리켜야 합니다.
c:\users\kang2\documents\137_textrpg\lecture2_gitpractice\lecture2_gitpractice\cequip.cpp(28): error C2227: '->strName' 왼쪽은 클래스/구조체/공용 구조체/제네릭 형식을 가리켜야 합니다.
c:\users\kang2\documents\137_textrpg\lecture2_gitpractice\lecture2_gitpractice\cequip.cpp(29): error C2065: 'iter': 선언되지 않은 식별자입니다.
c:\users\kang2\documents\137_textrpg\lecture2_gitpractice\lecture2_gitpractice\cequip.cpp(29): error C2227: '->second' 왼쪽은 클래스/구조체/공용 구조체/제네릭 형식을 가리켜야 합니다.
  c:\users\kang2\documents\137_textrpg\lecture2_gitpractice\lecture2_gitpractice\cequip.cpp(29): note: 'unknown-type' 형식입니다.
c:\users\kang2\documents\137_textrpg\lecture2_gitpractice\lecture2_gitpractice\cequip.cpp(29): error C2227: '->GetItem' 왼쪽은 클래스/구조체/공용 구조체/제네릭 형식을 가리켜야 합니다.
c:\users\kang2\documents\137_textrpg\lecture2_gitpractice\lecture2_gitpractice\cequip.cpp(29): error C2227: '->strName' 왼쪽은 클래스/구조체/공용 구조체/제네릭 형식을 가리켜야 합니다.
c:\users\kang2\documents\137_textrpg\lecture2_gitpractice\lecture2_gitpractice\cequip.cpp(41): error C2065: 'mapEquip': 선언되지 않은 식별자입니다.
c:\users\kang2\documents\137_textrpg\lecture2_gitpractice\lecture2_gitpractice\cequip.cpp(41): error C2228: '.insert' 왼쪽에는 클래스/구조체/공용 구조체가 있어야 합니다.
  c:\users\kang2\documents\137_textrpg\lecture2_gitpractice\lecture2_gitpractice\cequip.cpp(41): note: 'unknown-type' 형식입니다.
c:\users\kang2\documents\137_textrpg\lecture2_gitpractice\lecture2_gitpractice\cequip.cpp(47): error C2065: 'iter': 선언되지 않은 식별자입니다.
c:\users\kang2\documents\137_textrpg\lecture2_gitpractice\lecture2_gitpractice\cequip.cpp(47): error C2065: 'mapEquip': 선언되지 않은 식별자입니다.
c:\users\kang2\documents\137_textrpg\lecture2_gitpractice\lecture2_gitpractice\cequip.cpp(47): error C2228: '.find' 왼쪽에는 클래스/구조체/공용 구조체가 있어야 합니다.
  c:\users\kang2\documents\137_textrpg\lecture2_gitpractice\lecture2_gitpractice\cequip.cpp(47): note: 'unknown-type' 형식입니다.
c:\users\kang2\documents\137_textrpg\lecture2_gitpractice\lecture2_gitpractice\cequip.cpp(48): error C2065: 'mapEquip': 선언되지 않은 식별자입니다.
c:\users\kang2\documents\137_textrpg\lecture2_gitpractice\lecture2_gitpractice\cequip.cpp(48): error C2228: '.erase' 왼쪽에는 클래스/구조체/공용 구조체가 있어야 합니다.
  c:\users\kang2\documents\137_textrpg\lecture2_gitpractice\lecture2_gitpractice\cequip.cpp(48): note: 'unknown-type' 형식입니다.
c:\users\kang2\documents\137_textrpg\lecture2_gitpractice\lecture2_gitpractice\cequip.cpp(48): error C2065: 'iter': 선언되지 않은 식별자입니다.
  코드를 생성하고 있습니다...
=======
﻿  CSceneMgr.cpp
  CEquip.cpp
c:\users\chanyoon\desktop\programming\projects\textrpg_team\lecture2_gitpractice\lecture2_gitpractice\cinventory.h(16): error C2143: syntax error: missing ';' before '*'
c:\users\chanyoon\desktop\programming\projects\textrpg_team\lecture2_gitpractice\lecture2_gitpractice\cinventory.h(16): error C4430: missing type specifier - int assumed. Note: C++ does not support default-int
c:\users\chanyoon\desktop\programming\projects\textrpg_team\lecture2_gitpractice\lecture2_gitpractice\cinventory.h(16): error C2238: unexpected token(s) preceding ';'
  Generating Code...
>>>>>>> release/Chan
